May 15, 2024 9:12:16 AM debug.logs.MainLogger logMessage
INFO: Application launched.
May 15, 2024 9:12:20 AM debug.logs.MainLogger logMessage
INFO: Application work finished.
May 15, 2024 10:00:55 AM debug.logs.MainLogger logMessage
INFO: Application launched.
May 15, 2024 10:00:56 AM debug.logs.MainLogger logMessage
INFO: Application work finished.
May 15, 2024 10:01:24 AM debug.logs.MainLogger logMessage
INFO: Application launched.
May 15, 2024 10:01:26 AM debug.logs.MainLogger logSevere
SEVERE: Exception occurred!

java.lang.StringIndexOutOfBoundsException: begin 0, end -1, length 1045
	at java.base/java.lang.String.checkBoundsBeginEnd(String.java:4608)
	at java.base/java.lang.String.substring(String.java:2711)
	at TestSearcher/model.readers.http.HttpResponseStreamReader.getNextLine(HttpResponseStreamReader.java:60)
	at TestSearcher/model.readers.http.HttpResponseStreamReader.next(HttpResponseStreamReader.java:92)
	at TestSearcher/main.Main.main(Main.java:37)

May 15, 2024 10:01:26 AM debug.logs.MainLogger logMessage
INFO: Application work finished.
May 15, 2024 10:02:40 AM debug.logs.MainLogger logMessage
INFO: Application launched.
May 15, 2024 10:02:42 AM debug.logs.MainLogger logMessage
INFO: Application work finished.
May 15, 2024 10:06:43 AM debug.logs.MainLogger logMessage
INFO: Application launched.
May 15, 2024 10:06:45 AM debug.logs.MainLogger logMessage
INFO: Application work finished.
May 15, 2024 10:09:12 AM debug.logs.MainLogger logMessage
INFO: Application launched.
May 15, 2024 10:09:15 AM debug.logs.MainLogger logMessage
INFO: Application work finished.
May 15, 2024 10:13:42 AM debug.logs.MainLogger logMessage
INFO: Application launched.
May 15, 2024 10:13:45 AM debug.logs.MainLogger logMessage
INFO: Application work finished.
May 15, 2024 10:15:52 AM debug.logs.MainLogger logMessage
INFO: Application launched.
May 15, 2024 10:15:53 AM debug.logs.MainLogger logMessage
INFO: Application work finished.
May 15, 2024 10:16:00 AM debug.logs.MainLogger logMessage
INFO: Application launched.
May 15, 2024 10:16:02 AM debug.logs.MainLogger logMessage
INFO: Application work finished.
May 15, 2024 10:18:28 AM debug.logs.MainLogger logMessage
INFO: Application launched.
May 15, 2024 10:18:31 AM debug.logs.MainLogger logMessage
INFO: Application work finished.
May 15, 2024 10:18:55 AM debug.logs.MainLogger logMessage
INFO: Application launched.
May 15, 2024 10:18:56 AM debug.logs.MainLogger logMessage
INFO: Application work finished.
May 15, 2024 10:20:23 AM debug.logs.MainLogger logMessage
INFO: Application launched.
May 15, 2024 10:20:24 AM debug.logs.MainLogger logMessage
INFO: Application work finished.
May 15, 2024 10:22:28 AM debug.logs.MainLogger logMessage
INFO: Application launched.
May 15, 2024 10:22:31 AM debug.logs.MainLogger logMessage
INFO: Application work finished.
May 15, 2024 10:24:40 AM debug.logs.MainLogger logMessage
INFO: Application launched.
May 15, 2024 10:24:45 AM debug.logs.MainLogger logMessage
INFO: Application work finished.
May 15, 2024 10:24:56 AM debug.logs.MainLogger logMessage
INFO: Application launched.
May 15, 2024 10:24:59 AM debug.logs.MainLogger logMessage
INFO: Application work finished.
May 15, 2024 10:26:05 AM debug.logs.MainLogger logMessage
INFO: Application launched.
May 15, 2024 10:26:05 AM debug.logs.MainLogger logMessage
INFO: Application work finished.
May 15, 2024 10:45:51 AM debug.logs.MainLogger logMessage
INFO: Application launched.
May 15, 2024 10:45:54 AM debug.logs.MainLogger logMessage
INFO: Application work finished.
May 15, 2024 10:48:50 AM debug.logs.MainLogger logMessage
INFO: Application launched.
May 15, 2024 10:48:52 AM debug.logs.MainLogger logMessage
INFO: Application work finished.
May 15, 2024 10:49:17 AM debug.logs.MainLogger logMessage
INFO: Application launched.
May 15, 2024 10:49:19 AM debug.logs.MainLogger logMessage
INFO: Application work finished.
May 15, 2024 10:50:13 AM debug.logs.MainLogger logMessage
INFO: Application launched.
May 15, 2024 10:50:15 AM debug.logs.MainLogger logMessage
INFO: Application work finished.
May 15, 2024 10:57:30 AM debug.logs.MainLogger logMessage
INFO: Application launched.
May 15, 2024 10:57:30 AM debug.logs.MainLogger logMessage
INFO: Application work finished.
May 15, 2024 11:02:09 AM debug.logs.MainLogger logMessage
INFO: Application launched.
May 15, 2024 11:02:10 AM debug.logs.MainLogger logSevere
SEVERE: Exception occurred!

java.lang.NullPointerException: Cannot invoke "java.lang.CharSequence.length()" because "this.text" is null
	at java.base/java.util.regex.Matcher.getTextLength(Matcher.java:1769)
	at java.base/java.util.regex.Matcher.reset(Matcher.java:415)
	at java.base/java.util.regex.Matcher.<init>(Matcher.java:252)
	at java.base/java.util.regex.Pattern.matcher(Pattern.java:1134)
	at TestSearcher/model.text.TextParser.getWords(TextParser.java:14)
	at TestSearcher/main.Main.main(Main.java:41)

May 15, 2024 11:02:10 AM debug.logs.MainLogger logMessage
INFO: Application work finished.
May 15, 2024 11:11:36 AM debug.logs.MainLogger logMessage
INFO: Application launched.
May 15, 2024 11:11:38 AM debug.logs.MainLogger logSevere
SEVERE: Exception occurred!

java.lang.NullPointerException: Cannot invoke "java.lang.CharSequence.length()" because "this.text" is null
	at java.base/java.util.regex.Matcher.getTextLength(Matcher.java:1769)
	at java.base/java.util.regex.Matcher.reset(Matcher.java:415)
	at java.base/java.util.regex.Matcher.<init>(Matcher.java:252)
	at java.base/java.util.regex.Pattern.matcher(Pattern.java:1134)
	at TestSearcher/model.text.TextParser.getWords(TextParser.java:14)
	at TestSearcher/main.Main.main(Main.java:41)

May 15, 2024 11:11:38 AM debug.logs.MainLogger logMessage
INFO: Application work finished.
May 15, 2024 11:12:32 AM debug.logs.MainLogger logMessage
INFO: Application launched.
May 15, 2024 11:12:35 AM debug.logs.MainLogger logSevere
SEVERE: Exception occurred!

java.lang.NullPointerException: Cannot invoke "java.lang.CharSequence.length()" because "this.text" is null
	at java.base/java.util.regex.Matcher.getTextLength(Matcher.java:1769)
	at java.base/java.util.regex.Matcher.reset(Matcher.java:415)
	at java.base/java.util.regex.Matcher.<init>(Matcher.java:252)
	at java.base/java.util.regex.Pattern.matcher(Pattern.java:1134)
	at TestSearcher/model.text.TextParser.getWords(TextParser.java:14)
	at TestSearcher/main.Main.main(Main.java:41)

May 15, 2024 11:12:35 AM debug.logs.MainLogger logMessage
INFO: Application work finished.
May 15, 2024 11:23:11 AM debug.logs.MainLogger logMessage
INFO: Application launched.
May 15, 2024 11:23:13 AM debug.logs.MainLogger logMessage
INFO: Application work finished.
May 15, 2024 11:26:03 AM debug.logs.MainLogger logMessage
INFO: Application launched.
May 15, 2024 11:26:06 AM debug.logs.MainLogger logMessage
INFO: Application work finished.
May 15, 2024 11:26:29 AM debug.logs.MainLogger logMessage
INFO: Application launched.
May 15, 2024 11:26:31 AM debug.logs.MainLogger logMessage
INFO: Application work finished.
May 15, 2024 11:35:22 AM debug.logs.MainLogger logMessage
INFO: Application launched.
May 15, 2024 11:35:23 AM debug.logs.MainLogger logMessage
INFO: Application work finished.
May 15, 2024 11:36:46 AM debug.logs.MainLogger logMessage
INFO: Application launched.
May 15, 2024 11:36:47 AM debug.logs.MainLogger logMessage
INFO: Application work finished.
May 15, 2024 11:37:02 AM debug.logs.MainLogger logMessage
INFO: Application launched.
May 15, 2024 11:37:03 AM debug.logs.MainLogger logMessage
INFO: Application work finished.
May 15, 2024 2:43:30 PM debug.logs.MainLogger logMessage
INFO: Application launched.
May 15, 2024 2:43:33 PM debug.logs.MainLogger logMessage
INFO: Application work finished.
May 15, 2024 2:43:52 PM debug.logs.MainLogger logMessage
INFO: Application launched.
May 15, 2024 2:43:55 PM debug.logs.MainLogger logMessage
INFO: Application work finished.
May 15, 2024 4:36:56 PM debug.logs.MainLogger logMessage
INFO: Application launched.
May 15, 2024 4:37:00 PM debug.logs.MainLogger logMessage
INFO: Application work finished.
May 15, 2024 4:37:36 PM debug.logs.MainLogger logMessage
INFO: Application launched.
May 15, 2024 4:37:39 PM debug.logs.MainLogger logMessage
INFO: Application work finished.
May 15, 2024 5:36:18 PM debug.logs.MainLogger logMessage
INFO: Application launched.
May 15, 2024 5:36:48 PM debug.logs.MainLogger logMessage
INFO: Application launched.
May 15, 2024 5:39:44 PM debug.logs.MainLogger logMessage
INFO: Application launched.
May 15, 2024 5:41:15 PM debug.logs.MainLogger logMessage
INFO: Application launched.
May 15, 2024 5:41:43 PM debug.logs.MainLogger logMessage
INFO: Application launched.
May 15, 2024 5:43:54 PM debug.logs.MainLogger logMessage
INFO: Application launched.
May 15, 2024 5:45:38 PM debug.logs.MainLogger logMessage
INFO: Application launched.
May 15, 2024 5:53:32 PM debug.logs.MainLogger logMessage
INFO: Application launched.
May 15, 2024 5:54:00 PM debug.logs.MainLogger logMessage
INFO: Application launched.
