мая 30, 2024 4:11:35 PM debug.logging.MainLogger logMessage
INFO: App initialized
мая 30, 2024 4:22:33 PM debug.logging.MainLogger logMessage
INFO: App initialized
мая 30, 2024 4:23:16 PM debug.logging.MainLogger logMessage
INFO: App initialized
мая 30, 2024 4:23:41 PM debug.logging.MainLogger logMessage
INFO: App work finished

мая 30, 2024 4:28:40 PM debug.logging.MainLogger logMessage
INFO: App initialized
мая 30, 2024 4:30:36 PM debug.logging.MainLogger logMessage
INFO: App initialized
мая 30, 2024 4:38:06 PM debug.logging.MainLogger logMessage
INFO: App initialized
мая 30, 2024 4:41:01 PM debug.logging.MainLogger logMessage
INFO: App initialized
мая 30, 2024 5:14:22 PM debug.logging.MainLogger logMessage
INFO: App initialized
мая 30, 2024 5:14:28 PM debug.logging.MainLogger logSevere
SEVERE: Exception occurred!

org.flywaydb.core.api.FlywayException: Found non-empty schema(s) "main" but no schema history table. Use baseline() or set baselineOnMigrate to true to initialize the schema history table.
	at org.flywaydb.core.Flyway.lambda$migrate$0(Flyway.java:201)
	at org.flywaydb.core.FlywayExecutor.execute(FlywayExecutor.java:210)
	at org.flywaydb.core.Flyway.migrate(Flyway.java:156)
	at model.data.database.migrators.FlywayMigrator.migrate(FlywayMigrator.java:34)
	at model.states.main.MainFSM.initialize(MainFSM.java:60)
	at Main.init(Main.java:24)
	at Main.main(Main.java:11)

мая 30, 2024 5:20:58 PM debug.logging.MainLogger logMessage
INFO: App initialized
мая 30, 2024 5:21:44 PM debug.logging.MainLogger logSevere
SEVERE: Exception occurred!

org.flywaydb.core.internal.exception.FlywaySqlException: Unable to commit transaction
----------------------------
SQL State  : null
Error Code : 5
Message    : [SQLITE_BUSY] The database file is locked (database is locked)

	at org.flywaydb.core.internal.jdbc.TransactionalExecutionTemplate.execute(TransactionalExecutionTemplate.java:65)
	at org.flywaydb.core.internal.schemahistory.JdbcTableSchemaHistory$1.call(JdbcTableSchemaHistory.java:119)
	at org.flywaydb.core.internal.jdbc.TableLockingExecutionTemplate$1.call(TableLockingExecutionTemplate.java:40)
	at org.flywaydb.core.internal.jdbc.TransactionalExecutionTemplate.execute(TransactionalExecutionTemplate.java:59)
	at org.flywaydb.core.internal.jdbc.TableLockingExecutionTemplate.execute(TableLockingExecutionTemplate.java:35)
	at org.flywaydb.core.internal.database.base.Connection.lock(Connection.java:106)
	at org.flywaydb.core.internal.schemahistory.JdbcTableSchemaHistory.create(JdbcTableSchemaHistory.java:109)
	at org.flywaydb.core.internal.command.DbBaseline.baseline(DbBaseline.java:92)
	at org.flywaydb.core.Flyway.doBaseline(Flyway.java:438)
	at org.flywaydb.core.Flyway.lambda$baseline$6(Flyway.java:353)
	at org.flywaydb.core.FlywayExecutor.execute(FlywayExecutor.java:210)
	at org.flywaydb.core.Flyway.baseline(Flyway.java:343)
	at model.states.main.MainFSM.initialize(MainFSM.java:61)
	at Main.init(Main.java:24)
	at Main.main(Main.java:11)
Caused by: org.sqlite.SQLiteException: [SQLITE_BUSY] The database file is locked (database is locked)
	at org.sqlite.core.DB.newSQLException(DB.java:1179)
	at org.sqlite.core.DB.newSQLException(DB.java:1190)
	at org.sqlite.core.DB.throwex(DB.java:1150)
	at org.sqlite.core.DB.exec(DB.java:198)
	at org.sqlite.SQLiteConnection.commit(SQLiteConnection.java:449)
	at org.flywaydb.core.internal.jdbc.TransactionalExecutionTemplate.execute(TransactionalExecutionTemplate.java:60)
	... 14 more

мая 30, 2024 5:22:27 PM debug.logging.MainLogger logMessage
INFO: App initialized
мая 30, 2024 5:22:38 PM debug.logging.MainLogger logSevere
SEVERE: Exception occurred!

org.flywaydb.core.api.FlywayException: Found non-empty schema(s) "main" but no schema history table. Use baseline() or set baselineOnMigrate to true to initialize the schema history table.
	at org.flywaydb.core.Flyway.lambda$migrate$0(Flyway.java:201)
	at org.flywaydb.core.FlywayExecutor.execute(FlywayExecutor.java:210)
	at org.flywaydb.core.Flyway.migrate(Flyway.java:156)
	at model.states.main.MainFSM.initialize(MainFSM.java:55)
	at Main.init(Main.java:24)
	at Main.main(Main.java:11)

мая 30, 2024 5:23:10 PM debug.logging.MainLogger logMessage
INFO: App initialized
мая 30, 2024 5:26:09 PM debug.logging.MainLogger logMessage
INFO: App initialized
мая 30, 2024 5:33:25 PM debug.logging.MainLogger logMessage
INFO: App initialized
мая 30, 2024 5:42:38 PM debug.logging.MainLogger logMessage
INFO: App initialized
мая 30, 2024 5:45:49 PM debug.logging.MainLogger logMessage
INFO: App initialized
